0 info it worked if it ends with ok
1 verbose cli [ '/nix/store/ajr6i77s89gjfjm59aazc16b5rvb39n7-nodejs-4.3.1/bin/node',
1 verbose cli   '/mnt/shared/sbin/npm',
1 verbose cli   'install',
1 verbose cli   '-g',
1 verbose cli   'nodemon' ]
2 info using npm@2.14.12
3 info using node@v4.3.1
4 verbose install initial load of /nix/store/ajr6i77s89gjfjm59aazc16b5rvb39n7-nodejs-4.3.1/lib/package.json
5 verbose readDependencies loading dependencies from /nix/store/ajr6i77s89gjfjm59aazc16b5rvb39n7-nodejs-4.3.1/lib/package.json
6 silly cache add args [ 'nodemon', null ]
7 verbose cache add spec nodemon
8 silly cache add parsed spec Result {
8 silly cache add   raw: 'nodemon',
8 silly cache add   scope: null,
8 silly cache add   name: 'nodemon',
8 silly cache add   rawSpec: '',
8 silly cache add   spec: 'latest',
8 silly cache add   type: 'tag' }
9 silly addNamed nodemon@latest
10 verbose addNamed "latest" is being treated as a dist-tag for nodemon
11 info addNameTag [ 'nodemon', 'latest' ]
12 silly mapToRegistry name nodemon
13 silly mapToRegistry using default registry
14 silly mapToRegistry registry https://registry.npmjs.org/
15 silly mapToRegistry uri https://registry.npmjs.org/nodemon
16 verbose addNameTag registry:https://registry.npmjs.org/nodemon not in flight; fetching
17 verbose request uri https://registry.npmjs.org/nodemon
18 verbose request no auth needed
19 info attempt registry request try #1 at 21:59:54
20 verbose request id b0d233cd71353d09
21 verbose etag W/"c5119c5003575f8bb2b9b0cedb44888e"
22 verbose lastModified Sun, 10 Mar 2019 10:48:59 GMT
23 http request GET https://registry.npmjs.org/nodemon
24 http 304 https://registry.npmjs.org/nodemon
25 verbose headers { date: 'Sun, 17 Mar 2019 21:59:54 GMT',
25 verbose headers   connection: 'keep-alive',
25 verbose headers   'set-cookie': [ '__cfduid=d2d7cd54106ddb369a452c60082d8f8fa1552859994; expires=Mon, 16-Mar-20 21:59:54 GMT; path=/; domain=.registry.npmjs.org; HttpOnly' ],
25 verbose headers   'cf-cache-status': 'HIT',
25 verbose headers   'cache-control': 'max-age=300',
25 verbose headers   'cf-ray': '4b923c938af9254f-ORD',
25 verbose headers   etag: '"c5119c5003575f8bb2b9b0cedb44888e"',
25 verbose headers   'expect-ct': 'max-age=604800, report-uri="https://report-uri.cloudflare.com/cdn-cgi/beacon/expect-ct"',
25 verbose headers   'last-modified': 'Sun, 10 Mar 2019 10:48:59 GMT',
25 verbose headers   vary: 'accept-encoding, accept',
25 verbose headers   'x-amz-meta-rev': '1023-c096085d875fdcb5cbc9def569c31b7b',
25 verbose headers   server: 'cloudflare' }
26 silly get cb [ 304,
26 silly get   { date: 'Sun, 17 Mar 2019 21:59:54 GMT',
26 silly get     connection: 'keep-alive',
26 silly get     'set-cookie': [ '__cfduid=d2d7cd54106ddb369a452c60082d8f8fa1552859994; expires=Mon, 16-Mar-20 21:59:54 GMT; path=/; domain=.registry.npmjs.org; HttpOnly' ],
26 silly get     'cf-cache-status': 'HIT',
26 silly get     'cache-control': 'max-age=300',
26 silly get     'cf-ray': '4b923c938af9254f-ORD',
26 silly get     etag: '"c5119c5003575f8bb2b9b0cedb44888e"',
26 silly get     'expect-ct': 'max-age=604800, report-uri="https://report-uri.cloudflare.com/cdn-cgi/beacon/expect-ct"',
26 silly get     'last-modified': 'Sun, 10 Mar 2019 10:48:59 GMT',
26 silly get     vary: 'accept-encoding, accept',
26 silly get     'x-amz-meta-rev': '1023-c096085d875fdcb5cbc9def569c31b7b',
26 silly get     server: 'cloudflare' } ]
27 verbose etag https://registry.npmjs.org/nodemon from cache
28 verbose get saving nodemon to /home/ubuntu/.npm/registry.npmjs.org/nodemon/.cache.json
29 silly addNameTag next cb for nodemon with tag latest
30 silly addNamed nodemon@1.18.10
31 verbose addNamed "1.18.10" is a plain semver version for nodemon
32 silly cache afterAdd nodemon@1.18.10
33 verbose afterAdd /home/ubuntu/.npm/nodemon/1.18.10/package/package.json not in flight; writing
34 verbose afterAdd /home/ubuntu/.npm/nodemon/1.18.10/package/package.json written
35 silly install resolved [ { name: 'nodemon',
35 silly install resolved     homepage: 'http://nodemon.io',
35 silly install resolved     author: { name: 'Remy Sharp', url: 'http://github.com/remy' },
35 silly install resolved     bin: { nodemon: './bin/nodemon.js' },
35 silly install resolved     engines: { node: '>=4' },
35 silly install resolved     repository: { type: 'git', url: 'git+https://github.com/remy/nodemon.git' },
35 silly install resolved     description: 'Simple monitor script for use during development of a node.js app.',
35 silly install resolved     keywords:
35 silly install resolved      [ 'monitor',
35 silly install resolved        'development',
35 silly install resolved        'restart',
35 silly install resolved        'autoload',
35 silly install resolved        'reload',
35 silly install resolved        'terminal' ],
35 silly install resolved     license: 'MIT',
35 silly install resolved     main: './lib/nodemon',
35 silly install resolved     scripts:
35 silly install resolved      { commitmsg: 'commitlint -e',
35 silly install resolved        coverage: 'istanbul cover _mocha -- --timeout 30000 --ui bdd --reporter list test/**/*.test.js',
35 silly install resolved        lint: 'jscs lib/**/*.js -v',
35 silly install resolved        ':spec': 'mocha --timeout 30000 --ui bdd test/**/*.test.js',
35 silly install resolved        test: 'npm run lint && npm run spec',
35 silly install resolved        spec: 'for FILE in test/**/*.test.js; do echo $FILE; TEST=1 mocha --exit --timeout 30000 $FILE; if [ $? -ne 0 ]; then exit 1; fi; sleep 1; done',
35 silly install resolved        postspec: 'npm run clean',
35 silly install resolved        clean: 'rm -rf test/fixtures/test*.js test/fixtures/test*.md',
35 silly install resolved        web: 'node web',
35 silly install resolved        'semantic-release': 'semantic-release pre && npm publish && semantic-release post',
35 silly install resolved        prepush: 'npm run lint',
35 silly install resolved        killall: 'ps auxww | grep node | grep -v grep | awk \'{ print $2 }\' | xargs kill -9',
35 silly install resolved        postinstall: 'node bin/postinstall || exit 0' },
35 silly install resolved     devDependencies:
35 silly install resolved      { '@commitlint/cli': '^3.1.3',
35 silly install resolved        '@commitlint/config-angular': '^3.1.1',
35 silly install resolved        async: '1.4.2',
35 silly install resolved        'coffee-script': '~1.7.1',
35 silly install resolved        husky: '^0.14.3',
35 silly install resolved        istanbul: '^0.4.5',
35 silly install resolved        jscs: '^3.0.7',
35 silly install resolved        mocha: '^2.3.3',
35 silly install resolved        proxyquire: '^1.8.0',
35 silly install resolved        'semantic-release': '^8.2.0',
35 silly install resolved        should: '~4.0.0' },
35 silly install resolved     dependencies:
35 silly install resolved      { chokidar: '^2.1.0',
35 silly install resolved        debug: '^3.1.0',
35 silly install resolved        'ignore-by-default': '^1.0.1',
35 silly install resolved        minimatch: '^3.0.4',
35 silly install resolved        'pstree.remy': '^1.1.6',
35 silly install resolved        semver: '^5.5.0',
35 silly install resolved        'supports-color': '^5.2.0',
35 silly install resolved        touch: '^3.1.0',
35 silly install resolved        undefsafe: '^2.0.2',
35 silly install resolved        'update-notifier': '^2.5.0' },
35 silly install resolved     version: '1.18.10',
35 silly install resolved     gitHead: 'fb0c078013c4b50a7e47f415aee9cf9168fc16db',
35 silly install resolved     bugs: { url: 'https://github.com/remy/nodemon/issues' },
35 silly install resolved     _id: 'nodemon@1.18.10',
35 silly install resolved     _npmVersion: '6.5.0',
35 silly install resolved     _nodeVersion: '11.9.0',
35 silly install resolved     _npmUser: { name: 'remy', email: 'remy@leftlogic.com' },
35 silly install resolved     dist:
35 silly install resolved      { integrity: 'sha512-we51yBb1TfEvZamFchRgcfLbVYgg0xlGbyXmOtbBzDwxwgewYS/YbZ5tnlnsH51+AoSTTsT3A2E/FloUbtH8cQ==',
35 silly install resolved        shasum: '3ba63f64eb4c283cf3e4f75f30817e9d4f393afe',
35 silly install resolved        tarball: 'https://registry.npmjs.org/nodemon/-/nodemon-1.18.10.tgz',
35 silly install resolved        fileCount: 42,
35 silly install resolved        unpackedSize: 104060,
35 silly install resolved        'npm-signature': '-----BEGIN PGP SIGNATURE-----\r\nVersion: OpenPGP.js v3.0.4\r\nComment: https://openpgpjs.org\r\n\r\nwsFcBAEBCAAQBQJcXgChCRA9TVsSAnZWagAAmwUQAIXiIcV1Ht96MczxAWBS\nj3Qba0iFdMJcq0Mttw70guYh19mmti5xamamVCqnRyc00sAyDGFNFWwCiQ3U\neiHqUDM+ZAU6u/Su+ulJuTWqs0XkgJiI7yK4hM/jObgho6Pbng4LRVTfrEQ+\noOjJPZ1Ls6HPWy3ffl3pUOcLO5PlXKDNI2/vL2K4c2iz9FnPi5wR4AxLJa06\n3wJGaPfQS8K8SIRsGopzx7hKXjMTVq8fNEZDD/H8yzlwybeMhdvVkCmkrobu\nexa46BdxwZk7yvGOqvdnKkBLD/OYOoxCvduD4jcpHlSpkPVqAPrjgu6J8Hh8\n/4FyM2Tb9Jbr12Jruy8RvTyCREq/y5JJW5il2oA+A4cq1TDFm8aJmNijCbaz\nMyJuTSvcgffWrFAZz9hu/zMB/6blOeqL0WT9XpQ05qzYT1sYw194SvfM+MDJ\nrOckvqjdpJymWFtUraFUACwZox5Pt0xWZZTe079JPTPaN4pLFaAOPP6yZaA7\np26NWt/4LsMPoCcGyoeD05fh/JXF4mV5KOtdAm4o1v/p2+TR94b2Gc6bT+wc\nc1H6S6K4Xz2aCbOjzPebJAvSllLkbbgmSRAMK6GI5jKikNkVsDTRWw+NuU/z\nTnUVbkuiMZ7K3UhPQInhpTEgQs8p8vNYH+uoGN0CPwjruv37wX6FFqlOI69J\nTPQY\r\n=Yn43\r\n-----END PGP SIGNATURE-----\r\n' },
35 silly install resolved     maintainers: [ [Object] ],
35 silly install resolved     directories: {},
35 silly install resolved     _npmOperationalInternal:
35 silly install resolved      { host: 's3://npm-registry-packages',
35 silly install resolved        tmp: 'tmp/nodemon_1.18.10_1549664416731_0.3429358312617703' },
35 silly install resolved     _hasShrinkwrap: false,
35 silly install resolved     _shasum: '3ba63f64eb4c283cf3e4f75f30817e9d4f393afe',
35 silly install resolved     _resolved: 'https://registry.npmjs.org/nodemon/-/nodemon-1.18.10.tgz',
35 silly install resolved     _from: 'nodemon@latest',
35 silly install resolved     readme: 'ERROR: No README data found!' } ]
36 info install nodemon@1.18.10 into /nix/store/ajr6i77s89gjfjm59aazc16b5rvb39n7-nodejs-4.3.1/lib
37 info installOne nodemon@1.18.10
38 verbose installOne of nodemon to /nix/store/ajr6i77s89gjfjm59aazc16b5rvb39n7-nodejs-4.3.1/lib not in flight; installing
39 verbose lock using /home/ubuntu/.npm/_locks/nodemon-27738b6f4a25f144.lock for /nix/store/ajr6i77s89gjfjm59aazc16b5rvb39n7-nodejs-4.3.1/lib/node_modules/nodemon
40 silly install write writing nodemon 1.18.10 to /nix/store/ajr6i77s89gjfjm59aazc16b5rvb39n7-nodejs-4.3.1/lib/node_modules/nodemon
41 verbose unbuild lib/node_modules/nodemon
42 silly gentlyRm /nix/store/ajr6i77s89gjfjm59aazc16b5rvb39n7-nodejs-4.3.1/lib/node_modules/nodemon is being purged from base /nix/store/ajr6i77s89gjfjm59aazc16b5rvb39n7-nodejs-4.3.1
43 verbose gentlyRm don't care about contents; nuking /nix/store/ajr6i77s89gjfjm59aazc16b5rvb39n7-nodejs-4.3.1/lib/node_modules/nodemon
44 verbose tar unpack /home/ubuntu/.npm/nodemon/1.18.10/package.tgz
45 verbose tar unpacking to /nix/store/ajr6i77s89gjfjm59aazc16b5rvb39n7-nodejs-4.3.1/lib/node_modules/nodemon
46 silly gentlyRm /nix/store/ajr6i77s89gjfjm59aazc16b5rvb39n7-nodejs-4.3.1/lib/node_modules/nodemon is being purged
47 verbose gentlyRm don't care about contents; nuking /nix/store/ajr6i77s89gjfjm59aazc16b5rvb39n7-nodejs-4.3.1/lib/node_modules/nodemon
48 silly gunzTarPerm modes [ '755', '644' ]
49 error tar.unpack untar error /home/ubuntu/.npm/nodemon/1.18.10/package.tgz
50 verbose unlock done using /home/ubuntu/.npm/_locks/nodemon-27738b6f4a25f144.lock for /nix/store/ajr6i77s89gjfjm59aazc16b5rvb39n7-nodejs-4.3.1/lib/node_modules/nodemon
51 verbose fstream_path /nix/store/ajr6i77s89gjfjm59aazc16b5rvb39n7-nodejs-4.3.1/lib/node_modules/nodemon
52 verbose fstream_type Directory
53 verbose fstream_class DirWriter
54 verbose stack Error: EROFS: read-only file system, mkdir '/nix/store/ajr6i77s89gjfjm59aazc16b5rvb39n7-nodejs-4.3.1/lib/node_modules/nodemon'
54 verbose stack     at Error (native)
55 verbose fstream_stack /nix/store/ajr6i77s89gjfjm59aazc16b5rvb39n7-nodejs-4.3.1/lib/node_modules/npm/node_modules/fstream/lib/dir-writer.js:35:25
55 verbose fstream_stack /nix/store/ajr6i77s89gjfjm59aazc16b5rvb39n7-nodejs-4.3.1/lib/node_modules/npm/node_modules/mkdirp/index.js:47:53
55 verbose fstream_stack FSReqWrap.oncomplete (fs.js:82:15)
56 verbose cwd /home/ubuntu/workspace/javascript101-6e/agile/travestyapi
57 error Linux 4.9.120-c9
58 error argv "/nix/store/ajr6i77s89gjfjm59aazc16b5rvb39n7-nodejs-4.3.1/bin/node" "/mnt/shared/sbin/npm" "install" "-g" "nodemon"
59 error node v4.3.1
60 error npm  v2.14.12
61 error path /nix/store/ajr6i77s89gjfjm59aazc16b5rvb39n7-nodejs-4.3.1/lib/node_modules/nodemon
62 error code EROFS
63 error errno -30
64 error syscall mkdir
65 error rofs EROFS: read-only file system, mkdir '/nix/store/ajr6i77s89gjfjm59aazc16b5rvb39n7-nodejs-4.3.1/lib/node_modules/nodemon'
65 error rofs This is most likely not a problem with npm itself
65 error rofs and is related to the file system being read-only.
65 error rofs
65 error rofs Often virtualized file systems, or other file systems
65 error rofs that don't support symlinks, give this error.
66 verbose exit [ -30, true ]
67 verbose unbuild lib/node_modules/nodemon
68 silly gentlyRm /nix/store/ajr6i77s89gjfjm59aazc16b5rvb39n7-nodejs-4.3.1/lib/node_modules/nodemon is being purged from base /nix/store/ajr6i77s89gjfjm59aazc16b5rvb39n7-nodejs-4.3.1
69 verbose gentlyRm don't care about contents; nuking /nix/store/ajr6i77s89gjfjm59aazc16b5rvb39n7-nodejs-4.3.1/lib/node_modules/nodemon
